Determining if the pthread_create exist failed with the following output:
Change Dir: /home/deepak/catkin_ws/src/can/CMakeFiles/CMakeTmp

Run Build Command:"/usr/bin/make" "cmTC_124b9/fast"
/usr/bin/make -f CMakeFiles/cmTC_124b9.dir/build.make CMakeFiles/cmTC_124b9.dir/build
make[1]: Entering directory '/home/deepak/catkin_ws/src/can/CMakeFiles/CMakeTmp'
Building C object CMakeFiles/cmTC_124b9.dir/CheckSymbolExists.c.o
/usr/bin/cc     -o CMakeFiles/cmTC_124b9.dir/CheckSymbolExists.c.o   -c /home/deepak/catkin_ws/src/can/CMakeFiles/CMakeTmp/CheckSymbolExists.c
Linking C executable cmTC_124b9
/usr/bin/cmake -E cmake_link_script CMakeFiles/cmTC_124b9.dir/link.txt --verbose=1
/usr/bin/cc       CMakeFiles/cmTC_124b9.dir/CheckSymbolExists.c.o  -o cmTC_124b9 -rdynamic 
CMakeFiles/cmTC_124b9.dir/CheckSymbolExists.c.o: In function `main':
CheckSymbolExists.c:(.text+0x16): undefined reference to `pthread_create'
collect2: error: ld returned 1 exit status
CMakeFiles/cmTC_124b9.dir/build.make:97: recipe for target 'cmTC_124b9' failed
make[1]: *** [cmTC_124b9] Error 1
make[1]: Leaving directory '/home/deepak/catkin_ws/src/can/CMakeFiles/CMakeTmp'
Makefile:126: recipe for target 'cmTC_124b9/fast' failed
make: *** [cmTC_124b9/fast] Error 2

File /home/deepak/catkin_ws/src/can/CMakeFiles/CMakeTmp/CheckSymbolExists.c:
/* */
#include <pthread.h>

int main(int argc, char** argv)
{
  (void)argv;
#ifndef pthread_create
  return ((int*)(&pthread_create))[argc];
#else
  (void)argc;
  return 0;
#endif
}

Determining if the function pthread_create exists in the pthreads failed with the following output:
Change Dir: /home/deepak/catkin_ws/src/can/CMakeFiles/CMakeTmp

Run Build Command:"/usr/bin/make" "cmTC_2198e/fast"
/usr/bin/make -f CMakeFiles/cmTC_2198e.dir/build.make CMakeFiles/cmTC_2198e.dir/build
make[1]: Entering directory '/home/deepak/catkin_ws/src/can/CMakeFiles/CMakeTmp'
Building C object CMakeFiles/cmTC_2198e.dir/CheckFunctionExists.c.o
/usr/bin/cc    -DCHECK_FUNCTION_EXISTS=pthread_create   -o CMakeFiles/cmTC_2198e.dir/CheckFunctionExists.c.o   -c /usr/share/cmake-3.5/Modules/CheckFunctionExists.c
Linking C executable cmTC_2198e
/usr/bin/cmake -E cmake_link_script CMakeFiles/cmTC_2198e.dir/link.txt --verbose=1
/usr/bin/cc   -DCHECK_FUNCTION_EXISTS=pthread_create    CMakeFiles/cmTC_2198e.dir/CheckFunctionExists.c.o  -o cmTC_2198e -rdynamic -lpthreads 
/usr/bin/ld: cannot find -lpthreads
collect2: error: ld returned 1 exit status
CMakeFiles/cmTC_2198e.dir/build.make:97: recipe for target 'cmTC_2198e' failed
make[1]: *** [cmTC_2198e] Error 1
make[1]: Leaving directory '/home/deepak/catkin_ws/src/can/CMakeFiles/CMakeTmp'
Makefile:126: recipe for target 'cmTC_2198e/fast' failed
make: *** [cmTC_2198e/fast] Error 2


